<?xml version="1.0" encoding="UTF-8"?>
<Site BuildName="(empty)"
	BuildStamp="20221212-0639-Experimental"
	Name="(empty)"
	Generator="ctest-3.24.1"
	CompilerName=""
	CompilerVersion=""
	OSName="macOS"
	Hostname="Pro-Aot.lan"
	OSRelease="11.6.8"
	OSVersion="20G730"
	OSPlatform="x86_64"
	Is64Bits="1"
	VendorString="GenuineIntel"
	VendorID="Intel Corporation"
	FamilyID="6"
	ModelID="158"
	ProcessorCacheSize="32768"
	NumberOfLogicalCPU="16"
	NumberOfPhysicalCPU="8"
	TotalVirtualMemory="6144"
	TotalPhysicalMemory="16384"
	LogicalProcessorsPerPhysical="8"
	ProcessorClockFrequency="2300"
	>
	<Testing>
		<StartDateTime>Dec 11 22:39 PST</StartDateTime>
		<StartTestTime>1670827184</StartTestTime>
		<TestList/>
		<EndDateTime>Dec 11 22:39 PST</EndDateTime>
		<EndTestTime>1670827184</EndTestTime>
		<ElapsedMinutes>0</ElapsedMinutes>
	</Testing>
</Site>
